<?xml version="1.0" encoding="UTF-8"?>
<!-- Generated by org.testng.reporters.JUnitReportReporter -->
<testsuite hostname="LTIN279204" failures="0" tests="4" name="WorldClockcass.apps" time="11.057" errors="0" timestamp="2024-02-05T14:13:48 IST" skipped="0">
  <testcase classname="WorldClockcass.apps" name="Viewapps" time="7.341"/>
  <testcase classname="WorldClockcass.apps" name="Appsalphabet" time="2.864"/>
  <testcase classname="WorldClockcass.apps" name="Randomalphabet" time="0.383"/>
  <testcase classname="WorldClockcass.apps" name="Screenshot" time="0.469"/>
</testsuite> <!-- WorldClockcass.apps -->
