<?xml version="1.0" encoding="UTF-8"?>
<!-- Generated by org.testng.reporters.JUnitReportReporter -->
<testsuite hostname="LTIN279204" failures="0" tests="16" name="WorldClockcass.worldclock" time="12.543" errors="0" timestamp="2024-02-07T16:39:10 IST" skipped="0">
  <testcase classname="WorldClockcass.worldclock" name="Test_WorldClock_Title" time="0.601"/>
  <testcase classname="WorldClockcass.worldclock" name="BangaloreWatch_Title" time="0.155"/>
  <testcase classname="WorldClockcass.worldclock" name="Bangalore_Time" time="0.077"/>
  <testcase classname="WorldClockcass.worldclock" name="Bangalore_Date" time="0.119"/>
  <testcase classname="WorldClockcass.worldclock" name="LondonWatch_Tittle" time="0.067"/>
  <testcase classname="WorldClockcass.worldclock" name="London_Time" time="0.126"/>
  <testcase classname="WorldClockcass.worldclock" name="London_Date" time="0.103"/>
  <testcase classname="WorldClockcass.worldclock" name="London_Timegap" time="0.101"/>
  <testcase classname="WorldClockcass.worldclock" name="NY_Watchtittle" time="0.050"/>
  <testcase classname="WorldClockcass.worldclock" name="NY_Time" time="0.099"/>
  <testcase classname="WorldClockcass.worldclock" name="NY_Date" time="0.155"/>
  <testcase classname="WorldClockcass.worldclock" name="NY_Timegap" time="0.152"/>
  <testcase classname="WorldClockcass.worldclock" name="Viewapps" time="7.220"/>
  <testcase classname="WorldClockcass.worldclock" name="Appsalphabet" time="2.886"/>
  <testcase classname="WorldClockcass.worldclock" name="Randomalphabet" time="0.618"/>
  <testcase classname="WorldClockcass.worldclock" name="WriteData" time="0.014"/>
</testsuite> <!-- WorldClockcass.worldclock -->
